<?xml version="1.0" encoding="UTF-8"?>
<testng-results skipped="0" failed="0" ignored="2" total="4" passed="2">
  <reporter-output>
  </reporter-output>
  <suite name="Suite" duration-ms="50062" started-at="2018-10-07T16:30:41Z" finished-at="2018-10-07T16:31:31Z">
    <groups>
    </groups>
    <test name="Test" duration-ms="50062" started-at="2018-10-07T16:30:41Z" finished-at="2018-10-07T16:31:31Z">
      <class name="testScripts.Module1_contactdetails">
        <test-method status="PASS" signature="beforesuite()[pri:0, instance:testScripts.Module1_contactdetails@23fe1d71]" name="beforesuite" is-config="true" duration-ms="173" started-at="2018-10-07T16:30:41Z" finished-at="2018-10-07T16:30:41Z">
          <reporter-output>
          </reporter-output>
        </test-method> <!-- beforesuite -->
        <test-method status="PASS" signature="beforemethod(java.lang.reflect.Method)[pri:0, instance:testScripts.Module1_contactdetails@23fe1d71]" name="beforemethod" is-config="true" duration-ms="6797" started-at="2018-10-07T16:30:41Z" finished-at="2018-10-07T16:30:48Z">
          <params>
            <param index="0">
              <value>
                <![CDATA[public void testScripts.Module1_contactdetails.TC101_ContactDetails_EditValuesAndSave()]]>
              </value>
            </param>
          </params>
          <reporter-output>
          </reporter-output>
        </test-method> <!-- beforemethod -->
        <test-method status="PASS" signature="TC101_ContactDetails_EditValuesAndSave()[pri:0, instance:testScripts.Module1_contactdetails@23fe1d71]" name="TC101_ContactDetails_EditValuesAndSave" duration-ms="17626" started-at="2018-10-07T16:30:48Z" finished-at="2018-10-07T16:31:05Z">
          <reporter-output>
          </reporter-output>
        </test-method> <!-- TC101_ContactDetails_EditValuesAndSave -->
        <test-method status="PASS" signature="aftermethod()[pri:0, instance:testScripts.Module1_contactdetails@23fe1d71]" name="aftermethod" is-config="true" duration-ms="765" started-at="2018-10-07T16:31:05Z" finished-at="2018-10-07T16:31:06Z">
          <reporter-output>
          </reporter-output>
        </test-method> <!-- aftermethod -->
        <test-method status="PASS" signature="aftersuite()[pri:0, instance:testScripts.Module1_contactdetails@23fe1d71]" name="aftersuite" is-config="true" duration-ms="5732" started-at="2018-10-07T16:31:31Z" finished-at="2018-10-07T16:31:37Z">
          <reporter-output>
          </reporter-output>
        </test-method> <!-- aftersuite -->
      </class> <!-- testScripts.Module1_contactdetails -->
      <class name="testScripts.Module2_Emergencycontacts">
        <test-method status="PASS" signature="beforemethod(java.lang.reflect.Method)[pri:0, instance:testScripts.Module2_Emergencycontacts@28ac3dc3]" name="beforemethod" is-config="true" duration-ms="7472" started-at="2018-10-07T16:31:06Z" finished-at="2018-10-07T16:31:14Z">
          <params>
            <param index="0">
              <value>
                <![CDATA[public void testScripts.Module2_Emergencycontacts.TC101_ContactDetails_EditValuesAndSave()]]>
              </value>
            </param>
          </params>
          <reporter-output>
          </reporter-output>
        </test-method> <!-- beforemethod -->
        <test-method status="PASS" signature="TC101_ContactDetails_EditValuesAndSave()[pri:0, instance:testScripts.Module2_Emergencycontacts@28ac3dc3]" name="TC101_ContactDetails_EditValuesAndSave" duration-ms="16479" started-at="2018-10-07T16:31:14Z" finished-at="2018-10-07T16:31:30Z">
          <reporter-output>
          </reporter-output>
        </test-method> <!-- TC101_ContactDetails_EditValuesAndSave -->
        <test-method status="PASS" signature="aftermethod()[pri:0, instance:testScripts.Module2_Emergencycontacts@28ac3dc3]" name="aftermethod" is-config="true" duration-ms="907" started-at="2018-10-07T16:31:30Z" finished-at="2018-10-07T16:31:31Z">
          <reporter-output>
          </reporter-output>
        </test-method> <!-- aftermethod -->
      </class> <!-- testScripts.Module2_Emergencycontacts -->
    </test> <!-- Test -->
  </suite> <!-- Suite -->
</testng-results>
