<?xml version="1.0" encoding="UTF-8"?>
<!-- Generated by org.testng.reporters.JUnitXMLReporter -->
<testsuite hostname="LAPTOP-RJ6NAOK1" ignored="2" name="Test" tests="2" failures="0" timestamp="07 Oct 2018 16:31:31 GMT" time="50.062" errors="0">
  <testcase name="TC101_ContactDetails_EditValuesAndSave" time="17.626" classname="testScripts.Module1_contactdetails"/>
  <testcase name="TC101_ContactDetails_EditValuesAndSave" time="16.479" classname="testScripts.Module2_Emergencycontacts"/>
  <testcase name="@AfterSuite aftersuite" time="0.0" classname="frameworkLibrary.DriverClass">
    <ignored/>
  </testcase> <!-- @AfterSuite aftersuite -->
  <testcase name="@BeforeSuite beforesuite" time="0.0" classname="frameworkLibrary.DriverClass">
    <ignored/>
  </testcase> <!-- @BeforeSuite beforesuite -->
</testsuite> <!-- Test -->
